<?xml version="1.0" encoding="UTF-8" ?>
<testsuite errors="1" failures="0" hostname="Daegeonui-MacBook-Pro.local" name="z.Junk.CourseSessionTest" skipped="0" tests="1" time="0.0" timestamp="2016-07-23T04:26:17">
  <properties>
    <property name="java.vendor" value="Oracle Corporation" />
    <property name="sun.java.launcher" value="SUN_STANDARD" />
    <property name="env.XPC_SERVICE_NAME" value="org.eclipse.platform.ide.178272" />
    <property name="sun.management.compiler" value="HotSpot 64-Bit Tiered Compilers" />
    <property name="os.name" value="Mac OS X" />
    <property name="sun.boot.class.path" value="/Library/Java/JavaVirtualMachines/jdk1.8.0_91.jdk/Contents/Home/jre/lib/resources.jar:/Library/Java/JavaVirtualMachines/jdk1.8.0_91.jdk/Contents/Home/jre/lib/rt.jar:/Library/Java/JavaVirtualMachines/jdk1.8.0_91.jdk/Contents/Home/jre/lib/sunrsasign.jar:/Library/Java/JavaVirtualMachines/jdk1.8.0_91.jdk/Contents/Home/jre/lib/jsse.jar:/Library/Java/JavaVirtualMachines/jdk1.8.0_91.jdk/Contents/Home/jre/lib/jce.jar:/Library/Java/JavaVirtualMachines/jdk1.8.0_91.jdk/Contents/Home/jre/lib/charsets.jar:/Library/Java/JavaVirtualMachines/jdk1.8.0_91.jdk/Contents/Home/jre/lib/jfr.jar:/Library/Java/JavaVirtualMachines/jdk1.8.0_91.jdk/Contents/Home/jre/classes" />
    <property name="env.TMPDIR" value="/var/folders/48/bb3fpxxx4vl6rrp6qt02vs1h0000gn/T/" />
    <property name="java.vm.specification.vendor" value="Oracle Corporation" />
    <property name="ant.home" value="/Users/daegeonkim/Apps/Eclipse.app/Contents/Eclipse/plugins/org.apache.ant_1.9.6.v201510161327" />
    <property name="java.runtime.version" value="1.8.0_91-b14" />
    <property name="env.Apple_PubSub_Socket_Render" value="/private/tmp/com.apple.launchd.XC6lAoAH7K/Render" />
    <property name="env.DISPLAY" value="/private/tmp/com.apple.launchd.RW4kEi5EF7/org.macosforge.xquartz:0" />
    <property name="env.JAVA_MAIN_CLASS_7896" value="org.eclipse.ant.internal.launching.remote.InternalAntRunner" />
    <property name="user.name" value="daegeonkim" />
    <property name="env.USER" value="daegeonkim" />
    <property name="env.SHELL" value="/bin/bash" />
    <property name="env.__CF_USER_TEXT_ENCODING" value="0x1F5:0x3:0x33" />
    <property name="env.PATH" value="/usr/bin:/bin:/usr/sbin:/sbin" />
    <property name="user.language" value="ko" />
    <property name="sun.boot.library.path" value="/Library/Java/JavaVirtualMachines/jdk1.8.0_91.jdk/Contents/Home/jre/lib" />
    <property name="ant.project.default-target" value="build" />
    <property name="env.XPC_FLAGS" value="0x0" />
    <property name="ant.project.name" value="Chapter_02" />
    <property name="env.JAVA_STARTED_ON_FIRST_THREAD_2890" value="1" />
    <property name="java.version" value="1.8.0_91" />
    <property name="user.timezone" value="" />
    <property name="sun.arch.data.model" value="64" />
    <property name="http.nonProxyHosts" value="local|*.local|169.254/16|*.169.254/16" />
    <property name="java.endorsed.dirs" value="/Library/Java/JavaVirtualMachines/jdk1.8.0_91.jdk/Contents/Home/jre/lib/endorsed" />
    <property name="sun.cpu.isalist" value="" />
    <property name="sun.jnu.encoding" value="UTF-8" />
    <property name="file.encoding.pkg" value="sun.io" />
    <property name="file.separator" value="/" />
    <property name="java.specification.name" value="Java Platform API Specification" />
    <property name="java.class.version" value="52.0" />
    <property name="env.JAVA_STARTED_ON_FIRST_THREAD_7896" value="1" />
    <property name="user.country" value="KR" />
    <property name="java.home" value="/Library/Java/JavaVirtualMachines/jdk1.8.0_91.jdk/Contents/Home/jre" />
    <property name="java.vm.info" value="mixed mode" />
    <property name="env.LOGNAME" value="daegeonkim" />
    <property name="ant.file" value="/Users/daegeonkim/Documents/workspace/Java_Programming/Chapter_02/build.xml" />
    <property name="os.version" value="10.11.5" />
    <property name="path.separator" value=":" />
    <property name="java.vm.version" value="25.91-b14" />
    <property name="ant.library.dir" value="/Users/daegeonkim/Apps/Eclipse.app/Contents/Eclipse/plugins/org.apache.ant_1.9.6.v201510161327/lib" />
    <property name="junit.output.dir" value="junit" />
    <property name="java.awt.printerjob" value="sun.lwawt.macosx.CPrinterJob" />
    <property name="sun.io.unicode.encoding" value="UnicodeBig" />
    <property name="awt.toolkit" value="sun.lwawt.macosx.LWCToolkit" />
    <property name="socksNonProxyHosts" value="local|*.local|169.254/16|*.169.254/16" />
    <property name="ftp.nonProxyHosts" value="local|*.local|169.254/16|*.169.254/16" />
    <property name="user.home" value="/Users/daegeonkim" />
    <property name="target" value="1.8" />
    <property name="env.APP_ICON_2890" value="../Resources/Eclipse.icns" />
    <property name="java.specification.vendor" value="Oracle Corporation" />
    <property name="java.library.path" value="/Users/daegeonkim/Library/Java/Extensions:/Library/Java/Extensions:/Network/Library/Java/Extensions:/System/Library/Java/Extensions:/usr/lib/java:." />
    <property name="java.vendor.url" value="http://java.oracle.com/" />
    <property name="java.vm.vendor" value="Oracle Corporation" />
    <property name="gopherProxySet" value="false" />
    <property name="java.runtime.name" value="Java(TM) SE Runtime Environment" />
    <property name="sun.java.command" value="org.apache.tools.ant.taskdefs.optional.junit.JUnitTestRunner z.Junk.CourseSessionTest skipNonTests=false filtertrace=true haltOnError=false haltOnFailure=false formatter=org.apache.tools.ant.taskdefs.optional.junit.OutErrSummaryJUnitResultFormatter showoutput=false outputtoformatters=true logfailedtests=true threadid=0 logtestlistenerevents=false formatter=org.apache.tools.ant.taskdefs.optional.junit.XMLJUnitResultFormatter,/Users/daegeonkim/Documents/workspace/Java_Programming/Chapter_02/junit/TEST-z.Junk.CourseSessionTest.xml crashfile=/Users/daegeonkim/Documents/workspace/Java_Programming/Chapter_02/junitvmwatcher143336214545900078.properties propsfile=/Users/daegeonkim/Documents/workspace/Java_Programming/Chapter_02/junit1905697958544183630.properties" />
    <property name="java.class.path" value="/Users/daegeonkim/Documents/workspace/Java_Programming/Chapter_02/bin:/Users/daegeonkim/Apps/Eclipse.app/Contents/Eclipse/plugins/org.junit_4.12.0.v201504281640/junit.jar:/Users/daegeonkim/Apps/Eclipse.app/Contents/Eclipse/plugins/org.apache.ant_1.9.6.v201510161327/lib/ant-launcher.jar:/Users/daegeonkim/Apps/Eclipse.app/Contents/Eclipse/plugins/org.apache.ant_1.9.6.v201510161327/lib/ant.jar:/Users/daegeonkim/Apps/Eclipse.app/Contents/Eclipse/plugins/org.apache.ant_1.9.6.v201510161327/lib/ant-junit.jar:/Users/daegeonkim/Apps/Eclipse.app/Contents/Eclipse/plugins/org.apache.ant_1.9.6.v201510161327/lib/ant-junit4.jar" />
    <property name="ant.version" value="Apache Ant(TM) version 1.9.6 compiled on June 29 2015" />
    <property name="java.vm.specification.name" value="Java Virtual Machine Specification" />
    <property name="java.vm.specification.version" value="1.8" />
    <property name="sun.cpu.endian" value="little" />
    <property name="sun.os.patch.level" value="unknown" />
    <property name="debuglevel" value="source,lines,vars" />
    <property name="env.HOME" value="/Users/daegeonkim" />
    <property name="env.ANT_HOME" value="/Users/daegeonkim/Apps/Eclipse.app/Contents/Eclipse/plugins/org.apache.ant_1.9.6.v201510161327" />
    <property name="java.io.tmpdir" value="/var/folders/48/bb3fpxxx4vl6rrp6qt02vs1h0000gn/T/" />
    <property name="java.vendor.url.bug" value="http://bugreport.sun.com/bugreport/" />
    <property name="env.SSH_AUTH_SOCK" value="/private/tmp/com.apple.launchd.FfNW1ajTBA/Listeners" />
    <property name="java.awt.graphicsenv" value="sun.awt.CGraphicsEnvironment" />
    <property name="os.arch" value="x86_64" />
    <property name="java.ext.dirs" value="/Users/daegeonkim/Library/Java/Extensions:/Library/Java/JavaVirtualMachines/jdk1.8.0_91.jdk/Contents/Home/jre/lib/ext:/Library/Java/Extensions:/Network/Library/Java/Extensions:/System/Library/Java/Extensions:/usr/lib/java" />
    <property name="user.dir" value="/Users/daegeonkim/Documents/workspace/Java_Programming/Chapter_02" />
    <property name="line.separator" value="&#xa;" />
    <property name="java.vm.name" value="Java HotSpot(TM) 64-Bit Server VM" />
    <property name="ant.file.type.Chapter_02" value="file" />
    <property name="basedir" value="/Users/daegeonkim/Documents/workspace/Java_Programming/Chapter_02" />
    <property name="ant.java.version" value="1.8" />
    <property name="ant.core.lib" value="/Users/daegeonkim/Apps/Eclipse.app/Contents/Eclipse/plugins/org.apache.ant_1.9.6.v201510161327/lib/ant.jar" />
    <property name="source" value="1.8" />
    <property name="file.encoding" value="UTF-8" />
    <property name="ant.file.Chapter_02" value="/Users/daegeonkim/Documents/workspace/Java_Programming/Chapter_02/build.xml" />
    <property name="java.specification.version" value="1.8" />
    <property name="ant.project.invoked-targets" value="CourseSessionTest" />
  </properties>
  <error message="z.Junk.CourseSessionTest" type="java.lang.ClassNotFoundException">java.lang.ClassNotFoundException: z.Junk.CourseSessionTest
	at java.net.URLClassLoader.findClass(URLClassLoader.java:381)
	at java.lang.ClassLoader.loadClass(ClassLoader.java:424)
	at sun.misc.Launcher$AppClassLoader.loadClass(Launcher.java:331)
	at java.lang.ClassLoader.loadClass(ClassLoader.java:357)
	at java.lang.Class.forName0(Native Method)
	at java.lang.Class.forName(Class.java:264)
</error>
  <system-out><![CDATA[]]></system-out>
  <system-err><![CDATA[]]></system-err>
</testsuite>
